<?xml version="1.0" encoding="utf-8"?><testsuites><testsuite name="pytest" errors="0" failures="0" skipped="0" tests="5" time="0.058" timestamp="2024-11-25T22:35:42.498449" hostname="air.local"><testcase classname="tests.test_calculator.TestCalculator" name="test_add" time="0.002" /><testcase classname="tests.test_calculator.TestCalculator" name="test_divide" time="0.000" /><testcase classname="tests.test_calculator.TestCalculator" name="test_divide_by_zero" time="0.000" /><testcase classname="tests.test_calculator.TestCalculator" name="test_multiply" time="0.000" /><testcase classname="tests.test_calculator.TestCalculator" name="test_subtract" time="0.000" /></testsuite></testsuites>